<?xml version="1.0" encoding="UTF-8"?>
<!-- Generated by org.testng.reporters.JUnitXMLReporter -->
<testsuite ignored="0" hostname="APrathamI" failures="0" tests="5" name="Command line test" time="0.112" errors="0" timestamp="2026-01-27T13:14:57 IST">
  <testcase classname="com.amar.AllTest.NewTest" name="testAddition" time="0.063"/>
  <testcase classname="com.amar.AllTest.NewTest" name="testDivision" time="0.001"/>
  <testcase classname="com.amar.AllTest.NewTest" name="testDivisionByZero" time="0.0"/>
  <testcase classname="com.amar.AllTest.NewTest" name="testMultiplication" time="0.0"/>
  <testcase classname="com.amar.AllTest.NewTest" name="testSubtraction" time="0.0"/>
</testsuite> <!-- Command line test -->
