<?xml version="1.0" encoding="UTF-8"?>
<testng-results ignored="0" total="2" passed="2" failed="0" skipped="0">
  <reporter-output>
  </reporter-output>
  <suite started-at="2026-02-01T10:08:46 IST" name="Default suite" finished-at="2026-02-01T10:09:00 IST" duration-ms="14195">
    <groups>
    </groups>
    <test started-at="2026-02-01T10:08:46 IST" name="Default test" finished-at="2026-02-01T10:09:00 IST" duration-ms="14195">
      <class name="testngselenium.LoginTestAllure">
        <test-method is-config="true" signature="setup()[pri:0, instance:testngselenium.LoginTestAllure@62656be4]" started-at="2026-02-01T10:08:46 IST" name="setup" finished-at="2026-02-01T10:08:56 IST" duration-ms="10709" status="PASS">
          <reporter-output>
          </reporter-output>
        </test-method> <!-- setup -->
        <test-method signature="invalidLoginTest()[pri:0, instance:testngselenium.LoginTestAllure@62656be4]" started-at="2026-02-01T10:08:56 IST" name="invalidLoginTest" finished-at="2026-02-01T10:08:58 IST" duration-ms="1833" status="PASS">
          <reporter-output>
          </reporter-output>
        </test-method> <!-- invalidLoginTest -->
        <test-method signature="validLoginTest()[pri:0, instance:testngselenium.LoginTestAllure@62656be4]" started-at="2026-02-01T10:08:58 IST" name="validLoginTest" finished-at="2026-02-01T10:09:00 IST" duration-ms="1286" status="PASS">
          <reporter-output>
          </reporter-output>
        </test-method> <!-- validLoginTest -->
        <test-method is-config="true" signature="tearDown()[pri:0, instance:testngselenium.LoginTestAllure@62656be4]" started-at="2026-02-01T10:09:00 IST" name="tearDown" finished-at="2026-02-01T10:09:00 IST" duration-ms="160" status="PASS">
          <reporter-output>
          </reporter-output>
        </test-method> <!-- tearDown -->
      </class> <!-- testngselenium.LoginTestAllure -->
    </test> <!-- Default test -->
  </suite> <!-- Default suite -->
</testng-results>
