<?xml version="1.0" encoding="UTF-8"?>
<!-- Generated by org.testng.reporters.JUnitReportReporter -->
<testsuite hostname="APrathamI" failures="0" tests="4" name="TestNGExamples.SimpleInterestTest" time="0.032" errors="0" timestamp="2026-01-28T10:00:01 IST" skipped="0">
  <testcase classname="TestNGExamples.SimpleInterestTest" name="test1" time="0.013"/>
  <testcase classname="TestNGExamples.SimpleInterestTest" name="testNegativePrincipal" time="0.005"/>
  <testcase classname="TestNGExamples.SimpleInterestTest" name="testZeroRate" time="0.010"/>
  <testcase classname="TestNGExamples.SimpleInterestTest" name="test2" time="0.004"/>
</testsuite> <!-- TestNGExamples.SimpleInterestTest -->
