<?xml version="1.0" encoding="UTF-8"?>
<!-- Generated by org.testng.reporters.JUnitReportReporter -->
<testsuite hostname="APrathamI" failures="0" tests="2" name="testngselenium.LoginTestAllure" time="3.119" errors="0" timestamp="2026-02-01T10:09:00 IST" skipped="0">
  <testcase classname="testngselenium.LoginTestAllure" name="validLoginTest" time="1.286"/>
  <testcase classname="testngselenium.LoginTestAllure" name="invalidLoginTest" time="1.833"/>
</testsuite> <!-- testngselenium.LoginTestAllure -->
