<?xml version="1.0" encoding="UTF-8"?>
<!-- Generated by org.testng.reporters.JUnitReportReporter -->
<testsuite hostname="APrathamI" failures="0" tests="5" name="com.amar.AllTest.NewTest" time="0.030" errors="0" timestamp="2026-01-28T10:00:01 IST" skipped="0">
  <testcase classname="com.amar.AllTest.NewTest" name="testDivision" time="0.006"/>
  <testcase classname="com.amar.AllTest.NewTest" name="testAddition" time="0.003"/>
  <testcase classname="com.amar.AllTest.NewTest" name="testDivisionByZero" time="0.007"/>
  <testcase classname="com.amar.AllTest.NewTest" name="testMultiplication" time="0.008"/>
  <testcase classname="com.amar.AllTest.NewTest" name="testSubtraction" time="0.006"/>
</testsuite> <!-- com.amar.AllTest.NewTest -->
