<?xml version="1.0" encoding="UTF-8"?>
<!-- Generated by org.testng.reporters.JUnitReportReporter -->
<testsuite hostname="APrathamI" failures="0" tests="8" name="mytestng.MaxEvenPosTest" time="0.022" errors="0" timestamp="2026-01-28T10:00:01 IST" skipped="0">
  <testcase classname="mytestng.MaxEvenPosTest" name="testPositiveNumber" time="0.005"/>
  <testcase classname="mytestng.MaxEvenPosTest" name="testNegativeNumber" time="0.002"/>
  <testcase classname="mytestng.MaxEvenPosTest" name="testEvenNumber" time="0.005"/>
  <testcase classname="mytestng.MaxEvenPosTest" name="testMaxPositive" time="0.002"/>
  <testcase classname="mytestng.MaxEvenPosTest" name="testMaxWithNegativeValues" time="0.002"/>
  <testcase classname="mytestng.MaxEvenPosTest" name="testPositiveOrNegativeWithZero" time="0.002"/>
  <testcase classname="mytestng.MaxEvenPosTest" name="testOddNumber" time="0.001"/>
  <testcase classname="mytestng.MaxEvenPosTest" name="testEvenOrOddWithNegativeInput" time="0.003"/>
</testsuite> <!-- mytestng.MaxEvenPosTest -->
